
--------------------------------------
LOG: intra [2022-08-02 22:30:29]
GET / HTTP/1.1
Host: intra.42.fr
Accept: */*
HTTP/1.1 301 Moved Permanently
Server: nginx
Date: Tue, 02 Aug 2022 20:30:30 GMT
Content-Type: text/html
Content-Length: 178
Connection: keep-alive
Location: https://intra.42.fr/
Strict-Transport-Security: max-age=15552001; includeSubDomains;

FAILED: expected 200, got 301


--------------------------------------

--------------------------------------
LOG: google [2022-08-02 22:30:30]
Error: Could not resolve host: googlesa.casdaom

--------------------------------------

--------------------------------------

LOG: game ping test [2022-08-02 22:30:30]
SUCESS: Connected to game.42sp.org.br (10.51.1.99) port 80 (#0)


--------------------------------------

--------------------------------------

LOG: workspaces monitoring [2022-08-02 22:30:30]
FAILED: Could not resolve host: workspaces.42sp.oasdasxzbr


--------------------------------------

--------------------------------------
LOG: intra [2022-08-02 22:36:26]
GET / HTTP/1.1
Host: intra.42.fr
Accept: */*
HTTP/1.1 301 Moved Permanently
Server: nginx
Date: Tue, 02 Aug 2022 20:36:27 GMT
Content-Type: text/html
Content-Length: 178
Connection: keep-alive
Location: https://intra.42.fr/
Strict-Transport-Security: max-age=15552001; includeSubDomains;

FAILED: expected 200, got 301


--------------------------------------

--------------------------------------
LOG: google [2022-08-02 22:36:27]
Error: Could not resolve host: googlesa.casdaom

--------------------------------------

--------------------------------------

LOG: game ping test [2022-08-02 22:36:27]
SUCESS: Connected to game.42sp.org.br (10.51.1.99) port 80 (#0)


--------------------------------------

--------------------------------------

LOG: workspaces monitoring [2022-08-02 22:36:27]
FAILED: Could not resolve host: workspaces.42sp.oasdasxzbr


--------------------------------------
